<?xml version="1.0" encoding="UTF-8"?>
<!-- Generated by org.testng.reporters.JUnitXMLReporter -->
<testsuite hostname="Home_PC" name="Demo" tests="1" failures="1" timestamp="21 Feb 2018 20:50:50 GMT" time="13.143" errors="0">
  <testcase name="feature" time="12.699" classname="com.cucumber.framework.runner.FacebookLoginFeatureRunner">
    <failure type="cucumber.runtime.CucumberException" message="java.lang.NullPointerException">
      <![CDATA[cucumber.runtime.CucumberException: java.lang.NullPointerException
	at cucumber.api.testng.TestNGCucumberRunner.runCucumber(TestNGCucumberRunner.java:69)
	at cucumber.api.testng.AbstractTestNGCucumberTests.feature(AbstractTestNGCucumberTests.java:21)
Caused by: java.lang.NullPointerException
	at com.cucumber.framework.stepdefinition.LoginToFacebook.user_enter_Username_as_and_Password(LoginToFacebook.java:19)
	at ✽.When user enter Username as "USER1" and Password "PASSWORD"(featurefile/FacebookLogin.feature:5)
... Removed 24 stack frames]]>
    </failure>
  </testcase> <!-- feature -->
</testsuite> <!-- Demo -->
